=== INCOMING AJAX REQUEST ===
Action: getEvent
POST data: {"action":"getEvent","eventId":"12"}
Calendar object created successfully
=== AJAX GET_EVENT ===
AJAX: Requesting event ID: 12
=== GET_EVENT DEBUG ===
GET_EVENT: Requesting event ID: 12
GET_EVENT: SQL Query: SELECT * FROM artmax_calendar_events WHERE ID = 12
GET_EVENT: Event found:
  - DATE_FROM: 04.08.2025 12:00:00 (тип: object)
  - DATE_TO: 04.08.2025 12:30:00 (тип: object)
GET_EVENT: Time converted to branch timezone:
  - Branch timezone: Asia/Yekaterinburg
  - DATE_FROM converted: 04.08.2025 12:00:00
=== END GET_EVENT DEBUG ===
AJAX: getEvent result: {"ID":"12","TITLE":"111","DESCRIPTION":"111","DATE_FROM":"04.08.2025 12:00:00","DATE_TO":"04.08.2025 12:30:00","USER_ID":"1","BRANCH_ID":"1","EVENT_COLOR":"#3498db","CREATED_AT":{},"UPDATED_AT":{}}
AJAX: DATE_FROM type: string
AJAX: DATE_TO type: string
AJAX: DATE_FROM value: 04.08.2025 12:00:00
AJAX: DATE_TO value: 04.08.2025 12:30:00
AJAX: Event found, returning success
AJAX: Final event data before JSON: Array
(
    [ID] => 12
    [TITLE] => 111
    [DESCRIPTION] => 111
    [DATE_FROM] => 04.08.2025 12:00:00
    [DATE_TO] => 04.08.2025 12:30:00
    [USER_ID] => 1
    [BRANCH_ID] => 1
    [EVENT_COLOR] => #3498db
    [CREATED_AT] => Bitrix\Main\Type\DateTime Object
        (
            [value:protected] => DateTime Object
                (
                    [date] => 2025-08-31 22:30:55.000000
                    [timezone_type] => 3
                    [timezone] => Europe/Moscow
                )

            [userTimeEnabled:protected] => 1
        )

    [UPDATED_AT] => Bitrix\Main\Type\DateTime Object
        (
            [value:protected] => DateTime Object
                (
                    [date] => 2025-08-31 22:30:55.000000
                    [timezone_type] => 3
                    [timezone] => Europe/Moscow
                )

            [userTimeEnabled:protected] => 1
        )

)

AJAX: Final DATE_FROM type: string
AJAX: Final DATE_TO type: string
AJAX: JSON result: {"success":true,"event":{"ID":"12","TITLE":"111","DESCRIPTION":"111","DATE_FROM":"04.08.2025 12:00:00","DATE_TO":"04.08.2025 12:30:00","USER_ID":"1","BRANCH_ID":"1","EVENT_COLOR":"#3498db","CREATED_AT":{},"UPDATED_AT":{}}}
AJAX: JSON length: 222
AJAX: JSON first 500 chars: {"success":true,"event":{"ID":"12","TITLE":"111","DESCRIPTION":"111","DATE_FROM":"04.08.2025 12:00:00","DATE_TO":"04.08.2025 12:30:00","USER_ID":"1","BRANCH_ID":"1","EVENT_COLOR":"#3498db","CREATED_AT":{},"UPDATED_AT":{}}}
AJAX: JSON last 500 chars: {"success":true,"event":{"ID":"12","TITLE":"111","DESCRIPTION":"111","DATE_FROM":"04.08.2025 12:00:00","DATE_TO":"04.08.2025 12:30:00","USER_ID":"1","BRANCH_ID":"1","EVENT_COLOR":"#3498db","CREATED_AT":{},"UPDATED_AT":{}}}
AJAX: JSON contains DATE_FROM: YES
AJAX: JSON contains DATE_TO: YES
AJAX: JSON contains empty objects: YES
AJAX: JSON contains quotes around DATE_FROM: YES
AJAX: JSON contains quotes around DATE_TO: YES
AJAX: JSON contains quotes around DATE_FROM value: YES
AJAX: JSON contains quotes around DATE_TO value: YES
AJAX: JSON contains quotes around DATE_FROM value: YES
AJAX: JSON contains quotes around DATE_TO value: YES
AJAX: JSON contains quotes around DATE_FROM value: YES
AJAX: JSON contains quotes around DATE_TO value: YES
AJAX: JSON contains quotes around DATE_FROM value: YES
